<?xml version="1.0" encoding="UTF-8"?>
<!-- Generated by org.testng.reporters.JUnitReportReporter -->
<testsuite hostname="9a95feaed057" failures="0" tests="3" name="testcases.CustomerRegistration3" time="0.003" errors="1" timestamp="29 Apr 2024 23:54:22 GMT" skipped="2">
  <testcase classname="testcases.CustomerRegistration3" name="flightSearch" time="0.000">
    <skipped/>
  </testcase> <!-- flightSearch -->
  <testcase classname="testcases.CustomerRegistration3" name="clickFlightSearchButton" time="0.000">
    <skipped/>
  </testcase> <!-- clickFlightSearchButton -->
  <testcase classname="testcases.CustomerRegistration3" name="customerRegistration" time="0.003">
    <error type="java.lang.NullPointerException">
      <![CDATA[java.lang.NullPointerException
at java.base/java.util.Objects.requireNonNull(Objects.java:220)
at org.openqa.selenium.support.ui.FluentWait.<init>(FluentWait.java:106)
at org.openqa.selenium.support.ui.WebDriverWait.<init>(WebDriverWait.java:85)
at org.openqa.selenium.support.ui.WebDriverWait.<init>(WebDriverWait.java:45)
at flightreservation.RegistrationPage.<init>(RegistrationPage.java:33)
at testcases.CustomerRegistration3.customerRegistration(CustomerRegistration3.java:12)
at java.base/jdk.internal.reflect.DirectMethodHandleAccessor.invoke(DirectMethodHandleAccessor.java:103)
at java.base/java.lang.reflect.Method.invoke(Method.java:580)
at org.testng.internal.MethodInvocationHelper.invokeMethod(MethodInvocationHelper.java:124)
at org.testng.internal.Invoker.invokeMethod(Invoker.java:583)
at org.testng.internal.Invoker.invokeTestMethod(Invoker.java:719)
at org.testng.internal.Invoker.invokeTestMethods(Invoker.java:989)
at org.testng.internal.TestMethodWorker.invokeTestMethods(TestMethodWorker.java:125)
at org.testng.internal.TestMethodWorker.run(TestMethodWorker.java:109)
at java.base/java.util.concurrent.ThreadPoolExecutor.runWorker(ThreadPoolExecutor.java:1144)
at java.base/java.util.concurrent.ThreadPoolExecutor$Worker.run(ThreadPoolExecutor.java:642)
at java.base/java.lang.Thread.run(Thread.java:1570)
]]>
    </error>
  </testcase> <!-- customerRegistration -->
</testsuite> <!-- testcases.CustomerRegistration3 -->
