<?xml version="1.0" encoding="UTF-8"?>
<!-- Generated by org.testng.reporters.JUnitReportReporter -->
<testsuite hostname="9a95feaed057" failures="0" tests="3" name="testcases.CustomerRegistration2" time="5.634" errors="0" timestamp="29 Apr 2024 23:54:22 GMT" skipped="0">
  <testcase classname="testcases.CustomerRegistration2" name="flightSearch" time="3.410"/>
  <testcase classname="testcases.CustomerRegistration2" name="customerRegistration" time="2.123"/>
  <testcase classname="testcases.CustomerRegistration2" name="clickFlightSearchButton" time="0.101"/>
</testsuite> <!-- testcases.CustomerRegistration2 -->
