<?xml version="1.0" encoding="UTF-8"?>
<!-- Generated by org.testng.reporters.JUnitReportReporter -->
<testsuite hostname="9a95feaed057" failures="0" tests="3" name="testcases.CustomerRegistration1" time="6.712" errors="0" timestamp="29 Apr 2024 23:54:22 GMT" skipped="0">
  <testcase classname="testcases.CustomerRegistration1" name="flightSearch" time="2.845"/>
  <testcase classname="testcases.CustomerRegistration1" name="customerRegistration" time="2.149"/>
  <testcase classname="testcases.CustomerRegistration1" name="clickFlightSearchButton" time="1.718"/>
</testsuite> <!-- testcases.CustomerRegistration1 -->
